<?xml version="1.0" encoding="UTF-8"?>
<!-- Generated by org.testng.reporters.JUnitReportReporter -->
<testsuite hostname="Krishna" failures="0" tests="1" name="com.hrms.testscripts.TC001" time="20.072" errors="0" timestamp="2022-12-24T18:02:24 IST" skipped="0">
  <testcase classname="com.hrms.testscripts.TC001" name="tc001" time="20.072"/>
  <system-out>
    <![CDATA[Application opened
Application closed]]>
  </system-out>
</testsuite> <!-- com.hrms.testscripts.TC001 -->
