<?xml version="1.0" encoding="UTF-8"?>
<!-- Generated by org.testng.reporters.JUnitReportReporter -->
<testsuite hostname="Krishna" failures="0" tests="1" name="com.hrms.lib.WD_TestNG" time="13.459" errors="0" timestamp="2022-12-26T19:13:28 IST" skipped="0">
  <testcase classname="com.hrms.lib.WD_TestNG" name="tc001" time="13.459"/>
  <system-out>
    <![CDATA[New Emp added]]>
  </system-out>
</testsuite> <!-- com.hrms.lib.WD_TestNG -->
